2024-02-04 19:21:38.149 [INFO ] [org.springframework.boot.StartupInfoLogger] [restartedMain]- Starting halfandhalf using Java 18.0.2.1 on DESKTOP-26RQTJI with PID 8128 (C:\workspace\Type-of-Tteokbokki_Back\utteok\build\classes\java\main started by Hwang in C:\workspace\Type-of-Tteokbokki_Back\utteok)
2024-02-04 19:21:38.159 [INFO ] [org.springframework.boot.SpringApplication] [restartedMain]- No active profile set, falling back to 1 default profile: "default"
2024-02-04 19:21:38.215 [INFO ] [org.springframework.boot.logging.DeferredLog] [restartedMain]- Devtools property defaults active! Set 'spring.devtools.add-properties' to 'false' to disable
2024-02-04 19:21:38.216 [INFO ] [org.springframework.boot.logging.DeferredLog] [restartedMain]- For additional web related logging consider setting the 'logging.level.web' property to 'DEBUG'
2024-02-04 19:21:40.237 [INFO ] [org.springframework.boot.web.embedded.tomcat.TomcatWebServer] [restartedMain]- Tomcat initialized with port(s): 8080 (http)
2024-02-04 19:21:40.251 [INFO ] [org.apache.juli.logging.DirectJDKLog] [restartedMain]- Initializing ProtocolHandler ["http-nio-8080"]
2024-02-04 19:21:40.253 [INFO ] [org.apache.juli.logging.DirectJDKLog] [restartedMain]- Starting service [Tomcat]
2024-02-04 19:21:40.254 [INFO ] [org.apache.juli.logging.DirectJDKLog] [restartedMain]- Starting Servlet engine: [Apache Tomcat/9.0.83]
2024-02-04 19:21:40.367 [INFO ] [org.apache.juli.logging.DirectJDKLog] [restartedMain]- Initializing Spring embedded WebApplicationContext
2024-02-04 19:21:40.368 [INFO ] [org.springframework.boot.web.servlet.context.ServletWebServerApplicationContext] [restartedMain]- Root WebApplicationContext: initialization completed in 2151 ms
2024-02-04 19:21:42.194 [INFO ] [org.springframework.security.web.DefaultSecurityFilterChain] [restartedMain]- Will secure any request with [org.springframework.security.web.session.DisableEncodeUrlFilter@3f22cad9, org.springframework.security.web.context.request.async.WebAsyncManagerIntegrationFilter@4db22c3, org.springframework.security.web.context.SecurityContextPersistenceFilter@65f98f42, org.springframework.security.web.header.HeaderWriterFilter@2681fecc, org.springframework.security.web.authentication.logout.LogoutFilter@4c05215, org.springframework.security.web.savedrequest.RequestCacheAwareFilter@78eda063, org.springframework.security.web.servletapi.SecurityContextHolderAwareRequestFilter@15ce9427, org.springframework.security.web.authentication.AnonymousAuthenticationFilter@105683ed, org.springframework.security.web.session.SessionManagementFilter@15b221bb, org.springframework.security.web.access.ExceptionTranslationFilter@2d214552, org.springframework.security.web.access.intercept.FilterSecurityInterceptor@3ffe1934]
2024-02-04 19:21:42.871 [INFO ] [org.springframework.boot.devtools.autoconfigure.OptionalLiveReloadServer] [restartedMain]- LiveReload server is running on port 35729
2024-02-04 19:21:42.889 [INFO ] [org.apache.juli.logging.DirectJDKLog] [restartedMain]- Starting ProtocolHandler ["http-nio-8080"]
2024-02-04 19:21:42.929 [INFO ] [org.springframework.boot.web.embedded.tomcat.TomcatWebServer] [restartedMain]- Tomcat started on port(s): 8080 (http) with context path ''
2024-02-04 19:21:42.943 [INFO ] [org.springframework.boot.StartupInfoLogger] [restartedMain]- Started halfandhalf in 5.32 seconds (JVM running for 6.919)
2024-02-04 19:22:25.579 [INFO ] [org.apache.juli.logging.DirectJDKLog] [http-nio-8080-exec-2]- Initializing Spring DispatcherServlet 'dispatcherServlet'
2024-02-04 19:22:25.580 [INFO ] [org.springframework.web.servlet.FrameworkServlet] [http-nio-8080-exec-2]- Initializing Servlet 'dispatcherServlet'
2024-02-04 19:22:25.582 [INFO ] [org.springframework.web.servlet.FrameworkServlet] [http-nio-8080-exec-2]- Completed initialization in 2 ms
2024-02-04 19:22:25.703 [INFO ] [com.zaxxer.hikari.HikariDataSource] [http-nio-8080-exec-2]- HikariPool-1 - Starting...
2024-02-04 19:22:25.804 [INFO ] [com.zaxxer.hikari.HikariDataSource] [http-nio-8080-exec-2]- HikariPool-1 - Start completed.
